{"level":"info","logCode":"request-time","message":"","method":"GET","requestId":"af94828b-b472-4aa0-90e1-6edc08fed0e4","service":"core-bank-api","status":200,"time":4.39,"url":"/api-docs/static/index.html"}
{"level":"info","logCode":"request-time","message":"","method":"GET","requestId":"5e0a8e61-5b78-4755-8f8a-331fa825c2f8","service":"core-bank-api","status":304,"time":4.6,"url":"/api-docs/static/swagger-ui.css"}
{"level":"info","logCode":"request-time","message":"","method":"GET","requestId":"1e4af42d-0a0b-4c91-91fc-c30fa0f7472d","service":"core-bank-api","status":304,"time":3.71,"url":"/api-docs/static/index.css"}
{"level":"info","logCode":"request-time","message":"","method":"GET","requestId":"88914407-6f91-47f9-b10c-d85bb25150d3","service":"core-bank-api","status":304,"time":1.61,"url":"/api-docs/static/swagger-ui-bundle.js"}
{"level":"info","logCode":"request-time","message":"","method":"GET","requestId":"0a48d9e9-373b-42f6-8973-c20b1bcc5467","service":"core-bank-api","status":304,"time":2.03,"url":"/api-docs/static/swagger-ui-standalone-preset.js"}
{"level":"info","logCode":"request-time","message":"","method":"GET","requestId":"c7dea333-ce2a-4414-9606-64410497440a","service":"core-bank-api","status":200,"time":0.73,"url":"/api-docs/static/swagger-initializer.js"}
{"level":"info","logCode":"request-time","message":"","method":"GET","requestId":"b0f0c4e2-65f4-4d77-899f-7ff47348d3d4","service":"core-bank-api","status":304,"time":0.9,"url":"/api-docs/static/favicon-32x32.png"}
{"level":"info","logCode":"request-time","message":"","method":"GET","requestId":"f11df35e-567f-431b-8a93-6e02ac1d4589","service":"core-bank-api","status":304,"time":0.86,"url":"/api-docs/static/favicon-16x16.png"}
{"level":"info","logCode":"request-time","message":"","method":"GET","requestId":"a91754b5-4b82-4810-a4f0-1f77751900f7","service":"core-bank-api","status":200,"time":3.7,"url":"/api-docs/json"}
{"level":"info","logCode":"request-time","message":"","method":"GET","requestId":"79354c85-9258-4172-af33-0502375a60bb","service":"core-bank-api","status":304,"time":0.73,"url":"/api-docs/static/favicon-32x32.png"}
{"level":"info","logCode":"request-time","message":"","method":"GET","requestId":"a42780b1-a701-4d2e-a5d0-8ff5f4ceb07a","service":"core-bank-api","status":304,"time":0.88,"url":"/api-docs/static/favicon-16x16.png"}
{"level":"info","logCode":"request-time","message":"","method":"POST","requestId":"b2c6e265-e8b9-4547-b9fb-0a244cd040dc","service":"core-bank-api","status":201,"time":2.17,"url":"/accounts/"}
{"level":"info","logCode":"request-time","message":"","method":"GET","requestId":"1999e757-27d5-41f4-af34-1412c62d4583","service":"core-bank-api","status":200,"time":3.24,"url":"/api-docs/static/index.html"}
{"level":"info","logCode":"request-time","message":"","method":"GET","requestId":"ea6b2b5f-2721-4c32-bc24-8366823b2f72","service":"core-bank-api","status":304,"time":2.46,"url":"/api-docs/static/swagger-ui.css"}
{"level":"info","logCode":"request-time","message":"","method":"GET","requestId":"a707a3bb-cf75-4646-aa1e-dac132560968","service":"core-bank-api","status":304,"time":1.24,"url":"/api-docs/static/index.css"}
{"level":"info","logCode":"request-time","message":"","method":"GET","requestId":"3b470154-f3c0-4ebd-8570-4057b9fc0ac5","service":"core-bank-api","status":304,"time":1.39,"url":"/api-docs/static/swagger-ui-bundle.js"}
{"level":"info","logCode":"request-time","message":"","method":"GET","requestId":"2b098548-2872-4cc3-b4ee-e42962ff77ac","service":"core-bank-api","status":200,"time":0.57,"url":"/api-docs/static/swagger-initializer.js"}
{"level":"info","logCode":"request-time","message":"","method":"GET","requestId":"9ebf0d13-b3d4-40fe-b3e4-86edf48879d2","service":"core-bank-api","status":304,"time":2.05,"url":"/api-docs/static/swagger-ui-standalone-preset.js"}
{"level":"info","logCode":"request-time","message":"","method":"GET","requestId":"0ebec959-ec72-49e0-9a1e-db8a048d93e3","service":"core-bank-api","status":304,"time":1.01,"url":"/api-docs/static/favicon-32x32.png"}
{"level":"info","logCode":"request-time","message":"","method":"GET","requestId":"575bd769-6dd3-4c4a-b697-4f5a8cec1b53","service":"core-bank-api","status":304,"time":0.66,"url":"/api-docs/static/favicon-16x16.png"}
{"level":"info","logCode":"request-time","message":"","method":"GET","requestId":"598b0491-0bef-43b7-a2ec-4f36d2287855","service":"core-bank-api","status":200,"time":3.25,"url":"/api-docs/json"}
{"level":"info","logCode":"request-time","message":"","method":"GET","requestId":"3de6f032-5a62-4c2d-89b4-ad037e4f9d2f","service":"core-bank-api","status":304,"time":0.72,"url":"/api-docs/static/favicon-32x32.png"}
{"level":"info","logCode":"request-time","message":"","method":"GET","requestId":"3d8a8044-bd79-48b6-bea4-c5cd854b4c5c","service":"core-bank-api","status":304,"time":0.85,"url":"/api-docs/static/favicon-16x16.png"}
{"level":"info","logCode":"request-time","message":"","method":"GET","requestId":"cd2c0127-4235-4afb-83e9-93144afe10f5","service":"core-bank-api","status":200,"time":3.42,"url":"/api-docs/static/index.html"}
{"level":"info","logCode":"request-time","message":"","method":"GET","requestId":"9decc8fa-b4e9-4235-882d-244014a1b77e","service":"core-bank-api","status":304,"time":3.5,"url":"/api-docs/static/swagger-ui.css"}
{"level":"info","logCode":"request-time","message":"","method":"GET","requestId":"efdcae2c-4426-46e3-86ab-fd8e7d0a03c6","service":"core-bank-api","status":304,"time":3.04,"url":"/api-docs/static/index.css"}
{"level":"info","logCode":"request-time","message":"","method":"GET","requestId":"e4b91afb-703c-4b84-a4c0-55e02b770dd2","service":"core-bank-api","status":304,"time":0.89,"url":"/api-docs/static/swagger-ui-bundle.js"}
{"level":"info","logCode":"request-time","message":"","method":"GET","requestId":"fc1097e0-9101-46ff-b3e1-d4eaaf35cf37","service":"core-bank-api","status":200,"time":0.52,"url":"/api-docs/static/swagger-initializer.js"}
{"level":"info","logCode":"request-time","message":"","method":"GET","requestId":"2871f665-487c-4233-83eb-b0fb03781827","service":"core-bank-api","status":304,"time":2.22,"url":"/api-docs/static/swagger-ui-standalone-preset.js"}
{"level":"info","logCode":"request-time","message":"","method":"GET","requestId":"5b46798e-cb97-40fb-aae5-54143b0f2af2","service":"core-bank-api","status":304,"time":1.74,"url":"/api-docs/static/favicon-32x32.png"}
{"level":"info","logCode":"request-time","message":"","method":"GET","requestId":"d544eae6-b81a-4816-9b49-c5efdd681b35","service":"core-bank-api","status":304,"time":0.97,"url":"/api-docs/static/favicon-16x16.png"}
{"level":"info","logCode":"request-time","message":"","method":"GET","requestId":"3227a86e-11a4-4c54-91d5-32306215a9f5","service":"core-bank-api","status":200,"time":4.4,"url":"/api-docs/json"}
{"level":"info","logCode":"request-time","message":"","method":"GET","requestId":"c7bec835-f011-4326-9c4f-f165f71dd55c","service":"core-bank-api","status":304,"time":0.9,"url":"/api-docs/static/favicon-32x32.png"}
{"level":"info","logCode":"request-time","message":"","method":"GET","requestId":"2f54ba3c-b690-49bb-961e-3007f6aaa410","service":"core-bank-api","status":304,"time":1.46,"url":"/api-docs/static/favicon-16x16.png"}
{"level":"warn","logCode":"request-time","message":"","method":"POST","requestId":"67832e6a-f8aa-4d60-93c7-b98f37e977a2","service":"core-bank-api","status":400,"time":5.21,"url":"/accounts/"}
{"level":"info","logCode":"request-time","message":"","method":"POST","requestId":"92d32f43-d1d4-4e68-a16c-d31e7ce24152","service":"core-bank-api","status":201,"time":2.31,"url":"/accounts/"}
{"level":"info","logCode":"request-time","message":"","method":"POST","requestId":"97f6b10a-64e8-4bb6-8ca5-f2f192c4bf2e","service":"core-bank-api","status":201,"time":8.32,"url":"/accounts/"}
{"level":"info","logCode":"request-time","message":"","method":"POST","requestId":"f0167bfa-0779-42c6-8ece-b49842613458","service":"core-bank-api","status":201,"time":7.97,"url":"/accounts/"}
{"errorMessage":"Attempted to resolve unregistered dependency token: \"IAccountRepository\"","level":"error","logCode":"unexpected-error","message":"","requestId":"26bff31c-8d10-495a-9854-d31f6c363f72","service":"core-bank-api","stack":"Error: Attempted to resolve unregistered dependency token: \"IAccountRepository\"\n    at InternalDependencyContainer.resolve (/home/joaonetoc/petrus/bank-core/node_modules/tsyringe/dist/cjs/dependency-container.js:105:19)\n    at /home/joaonetoc/petrus/bank-core/src/routes/account/create.ts:54:21\n    at Generator.next (<anonymous>)\n    at /home/joaonetoc/petrus/bank-core/src/routes/account/create.ts:8:71\n    at new Promise (<anonymous>)\n    at __awaiter (/home/joaonetoc/petrus/bank-core/src/routes/account/create.ts:4:12)\n    at Object.<anonymous> (/home/joaonetoc/petrus/bank-core/src/routes/account/create.ts:51:30)\n    at Object.routeOptions.handler (/home/joaonetoc/petrus/bank-core/node_modules/@fastify/websocket/index.js:198:24)\n    at preHandlerCallback (/home/joaonetoc/petrus/bank-core/node_modules/fastify/lib/handleRequest.js:137:37)\n    at validationCompleted (/home/joaonetoc/petrus/bank-core/node_modules/fastify/lib/handleRequest.js:121:5)"}
{"level":"error","logCode":"request-time","message":"","method":"POST","requestId":"26bff31c-8d10-495a-9854-d31f6c363f72","service":"core-bank-api","status":500,"time":15.66,"url":"/accounts/"}
{"errorMessage":"Attempted to resolve unregistered dependency token: \"IAccountRepository\"","level":"error","logCode":"unexpected-error","message":"","requestId":"4c532062-8c00-4a96-9c80-a6c2d2980cf2","service":"core-bank-api","stack":"Error: Attempted to resolve unregistered dependency token: \"IAccountRepository\"\n    at InternalDependencyContainer.resolve (/home/joaonetoc/petrus/bank-core/node_modules/tsyringe/dist/cjs/dependency-container.js:105:19)\n    at /home/joaonetoc/petrus/bank-core/src/routes/account/create.ts:54:21\n    at Generator.next (<anonymous>)\n    at /home/joaonetoc/petrus/bank-core/src/routes/account/create.ts:8:71\n    at new Promise (<anonymous>)\n    at __awaiter (/home/joaonetoc/petrus/bank-core/src/routes/account/create.ts:4:12)\n    at Object.<anonymous> (/home/joaonetoc/petrus/bank-core/src/routes/account/create.ts:51:30)\n    at Object.routeOptions.handler (/home/joaonetoc/petrus/bank-core/node_modules/@fastify/websocket/index.js:198:24)\n    at preHandlerCallback (/home/joaonetoc/petrus/bank-core/node_modules/fastify/lib/handleRequest.js:137:37)\n    at validationCompleted (/home/joaonetoc/petrus/bank-core/node_modules/fastify/lib/handleRequest.js:121:5)"}
{"level":"error","logCode":"request-time","message":"","method":"POST","requestId":"4c532062-8c00-4a96-9c80-a6c2d2980cf2","service":"core-bank-api","status":500,"time":17.89,"url":"/accounts/"}
{"level":"info","logCode":"request-time","message":"","method":"POST","requestId":"f9b5d593-88ce-41ff-bb72-15be2203192b","service":"core-bank-api","status":201,"time":99.55,"url":"/accounts/"}
{"level":"info","logCode":"request-time","message":"","method":"POST","requestId":"76482a09-97ca-4ceb-86b6-540e01cf7495","service":"core-bank-api","status":201,"time":6.02,"url":"/accounts"}
{"level":"info","logCode":"request-time","message":"","method":"POST","requestId":"3de8524d-24fc-4b50-b2af-00ddeb209301","service":"core-bank-api","status":201,"time":6.2,"url":"/accounts"}
{"level":"info","logCode":"request-time","message":"","method":"POST","requestId":"885f8002-3b52-4de9-a6fa-f90994795b1b","service":"core-bank-api","status":201,"time":6.23,"url":"/accounts"}
{"level":"info","logCode":"request-time","message":"","method":"POST","requestId":"a2e05450-983b-4b26-a219-27a1bb8574e2","service":"core-bank-api","status":201,"time":5.41,"url":"/accounts"}
{"errorMessage":"\nInvalid `db.bankAccount.create()` invocation in\n/home/joaonetoc/petrus/bank-core/src/modules/account/repositories/implementations/prisma-account-repository.ts:8:47\n\n  5 \n  6 export class PrismaAccountRepository  implements IAccountRepository {\n  7     async create(input: CreateAccountDTO) {\n→ 8         const response = await db.bankAccount.create(\nUnique constraint failed on the fields: (`accountNumber`)","level":"error","logCode":"unexpected-error","message":"","requestId":"43f4bc82-eef0-4a28-8e38-075e7e0ffd4d","service":"core-bank-api","stack":"PrismaClientKnownRequestError: \nInvalid `db.bankAccount.create()` invocation in\n/home/joaonetoc/petrus/bank-core/src/modules/account/repositories/implementations/prisma-account-repository.ts:8:47\n\n  5 \n  6 export class PrismaAccountRepository  implements IAccountRepository {\n  7     async create(input: CreateAccountDTO) {\n→ 8         const response = await db.bankAccount.create(\nUnique constraint failed on the fields: (`accountNumber`)\n    at _n.handleRequestError (/home/joaonetoc/petrus/bank-core/node_modules/@prisma/client/runtime/library.js:122:6927)\n    at _n.handleAndLogRequestError (/home/joaonetoc/petrus/bank-core/node_modules/@prisma/client/runtime/library.js:122:6235)\n    at _n.request (/home/joaonetoc/petrus/bank-core/node_modules/@prisma/client/runtime/library.js:122:5919)\n    at l (/home/joaonetoc/petrus/bank-core/node_modules/@prisma/client/runtime/library.js:131:9116)"}
{"level":"error","logCode":"request-time","message":"","method":"POST","requestId":"43f4bc82-eef0-4a28-8e38-075e7e0ffd4d","service":"core-bank-api","status":500,"time":63.92,"url":"/accounts"}
{"level":"info","logCode":"request-time","message":"","method":"POST","requestId":"950fa1a1-6253-4feb-8b91-524c89d598e2","service":"core-bank-api","status":201,"time":100.55,"url":"/accounts"}
{"level":"info","logCode":"request-time","message":"","method":"GET","requestId":"67df90a9-2130-46f5-82c4-bdd898978b2b","service":"core-bank-api","status":302,"time":3.51,"url":"/api-docs"}
{"level":"info","logCode":"request-time","message":"","method":"GET","requestId":"786b61c6-f22c-4df9-82d0-9dbe605f3587","service":"core-bank-api","status":200,"time":1.33,"url":"/api-docs/static/index.html"}
{"level":"info","logCode":"request-time","message":"","method":"GET","requestId":"a5348935-3fb7-4212-95c6-e86146d64689","service":"core-bank-api","status":304,"time":3.6,"url":"/api-docs/static/swagger-ui.css"}
{"level":"info","logCode":"request-time","message":"","method":"GET","requestId":"54d50928-dfa9-4e53-becc-97dd95300bbd","service":"core-bank-api","status":304,"time":1.18,"url":"/api-docs/static/swagger-ui-standalone-preset.js"}
{"level":"info","logCode":"request-time","message":"","method":"GET","requestId":"d0bf8107-87d4-4167-bab0-5a699d49fb7c","service":"core-bank-api","status":200,"time":0.51,"url":"/api-docs/static/swagger-initializer.js"}
{"level":"info","logCode":"request-time","message":"","method":"GET","requestId":"c900229f-3217-4959-9234-7e7dfe2a32c0","service":"core-bank-api","status":304,"time":7.59,"url":"/api-docs/static/index.css"}
{"level":"info","logCode":"request-time","message":"","method":"GET","requestId":"b0cdcb7a-5061-4ad6-b5d9-93204b6b1fe4","service":"core-bank-api","status":304,"time":1.42,"url":"/api-docs/static/swagger-ui-bundle.js"}
{"level":"info","logCode":"request-time","message":"","method":"GET","requestId":"7a00f9f6-9fec-4334-a62d-d4fce49d975a","service":"core-bank-api","status":304,"time":1.05,"url":"/api-docs/static/favicon-32x32.png"}
{"level":"info","logCode":"request-time","message":"","method":"GET","requestId":"b417f0ec-f6f5-4e9f-8308-718f5b72a934","service":"core-bank-api","status":304,"time":0.93,"url":"/api-docs/static/favicon-16x16.png"}
{"level":"info","logCode":"request-time","message":"","method":"GET","requestId":"fcb0d074-7724-4578-ad17-57bd59509c09","service":"core-bank-api","status":200,"time":2.84,"url":"/api-docs/json"}
{"level":"info","logCode":"request-time","message":"","method":"GET","requestId":"215ea047-88a0-44ff-973c-d38b64f746e7","service":"core-bank-api","status":304,"time":1.34,"url":"/api-docs/static/favicon-32x32.png"}
{"level":"info","logCode":"request-time","message":"","method":"GET","requestId":"61f23805-f340-463a-a77e-bf49e5084126","service":"core-bank-api","status":304,"time":0.94,"url":"/api-docs/static/favicon-16x16.png"}
{"level":"info","logCode":"request-time","message":"","method":"GET","requestId":"1f33d71d-da7f-42a7-96c3-07433149ed42","service":"core-bank-api","status":304,"time":1.05,"url":"/api-docs/static/favicon-32x32.png"}
{"level":"info","logCode":"request-time","message":"","method":"GET","requestId":"ac20eb62-6a1d-4b3a-ab73-62e0ff3f3234","service":"core-bank-api","status":304,"time":0.72,"url":"/api-docs/static/favicon-16x16.png"}
{"level":"info","logCode":"request-time","message":"","method":"POST","requestId":"98ea4caf-ece2-454e-a1fc-f99be7b2ad7e","service":"core-bank-api","status":201,"time":133.46,"url":"/accounts/"}
